{"meta": {"version": "7.2.7", "timestamp": "2023-07-27T17:32:35.690749", "branch_coverage": false, "show_contexts": false}, "files": {"src/mycalc/__init__.py": {"executed_lines": [1, 4], "summary": {"covered_lines": 2, "num_statements": 2, "percent_covered": 100.0, "percent_covered_display": "100", "missing_lines": 0, "excluded_lines": 0}, "missing_lines": [], "excluded_lines": []}, "src/mycalc/calclass.py": {"executed_lines": [1, 4, 7, 8, 10, 11, 13, 14, 16, 17, 19, 20, 22, 24, 25], "summary": {"covered_lines": 15, "num_statements": 16, "percent_covered": 93.75, "percent_covered_display": "94", "missing_lines": 1, "excluded_lines": 0}, "missing_lines": [21], "excluded_lines": []}, "test/test_calc.py": {"executed_lines": [3, 6, 7, 8, 9, 11, 13, 14, 15, 17, 18, 19, 21, 22, 23, 24, 26, 27, 28, 29, 32], "summary": {"covered_lines": 21, "num_statements": 21, "percent_covered": 100.0, "percent_covered_display": "100", "missing_lines": 0, "excluded_lines": 0}, "missing_lines": [], "excluded_lines": []}}, "totals": {"covered_lines": 38, "num_statements": 39, "percent_covered": 97.43589743589743, "percent_covered_display": "97", "missing_lines": 1, "excluded_lines": 0}}