{"meta": {"version": "7.2.7", "timestamp": "2023-07-25T15:54:19.503968", "branch_coverage": false, "show_contexts": false}, "files": {"calclass/Calcclass.py": {"executed_lines": [1, 4, 8, 9, 11, 12, 14, 15, 17, 18, 20, 21, 23, 25, 26], "summary": {"covered_lines": 15, "num_statements": 16, "percent_covered": 93.75, "percent_covered_display": "94", "missing_lines": 1, "excluded_lines": 0}, "missing_lines": [22], "excluded_lines": []}}, "totals": {"covered_lines": 15, "num_statements": 16, "percent_covered": 93.75, "percent_covered_display": "94", "missing_lines": 1, "excluded_lines": 0}}