<?xml version="1.0" ?>
<coverage version="7.2.7" timestamp="1690375961857" lines-valid="0" lines-covered="0" line-rate="1" branches-covered="0" branches-valid="0" branch-rate="0" complexity="0">
	<!-- Generated by coverage.py: https://coverage.readthedocs.io/en/7.2.7 -->
	<!-- Based on https://raw.githubusercontent.com/cobertura/web/master/htdocs/xml/coverage-04.dtd -->
	<sources>
		<source>/home/lluis/prog/calcClass</source>
	</sources>
	<packages>
		<package name=".github.workflows" line-rate="1" branch-rate="0" complexity="0">
			<classes>
				<class name="coverage.xml" filename=".github/workflows/coverage.xml" complexity="0" line-rate="1" branch-rate="0">
					<methods/>
					<lines/>
				</class>
			</classes>
		</package>
	</packages>
</coverage>
